100 from dataset

2024-10-31 18:31:27,677 - INFO - Accuracy: 0.500000
2024-10-31 18:31:27,677 - INFO - Precision: 0.250000
2024-10-31 18:31:27,677 - INFO - Recall: 0.500000
2024-10-31 18:31:27,677 - INFO - F1 Score: 0.333333



All Dataset

2024-10-31 20:41:55,035 - INFO - Accuracy: 0.521024
2024-10-31 20:41:55,037 - INFO - Precision: 0.271466
2024-10-31 20:41:55,037 - INFO - Recall: 0.521024
2024-10-31 20:41:55,037 - INFO - F1 Score: 0.356951




Opinion and syllabus

Opinion and syllabus

2024-11-06 17:47:36,362 - INFO - Opinion - Accuracy: 0.521024
2024-11-06 17:47:36,363 - INFO - Opinion - Precision: 0.271466
2024-11-06 17:47:36,363 - INFO - Opinion - Recall: 0.521024
2024-11-06 17:47:36,363 - INFO - Opinion - F1 Score: 0.356951
2024-11-06 18:06:01,608 - INFO - Syllabus - Accuracy: 0.521024
2024-11-06 18:06:01,608 - INFO - Syllabus - Precision: 0.271466
2024-11-06 18:06:01,608 - INFO - Syllabus - Recall: 0.521024
2024-11-06 18:06:01,608 - INFO - Syllabus - F1 Score: 0.356951
